#
# A fatal error has been detected by the Java Runtime Environment:
#
#  EXCEPTION_ACCESS_VIOLATION (0xc0000005) at pc=0x00007ffe7e8b26c4, pid=17076, tid=12472
#
# JRE version: Java(TM) SE Runtime Environment (24.0.1+9) (build 24.0.1+9-30)
# Java VM: Java HotSpot(TM) 64-Bit Server VM (24.0.1+9-30, mixed mode, sharing, tiered, compressed oops, compressed class ptrs, g1 gc, windows-amd64)
# Problematic frame:
# C  [libasyncProfiler.dll+0x926c4]
#
# No core dump will be written. Minidumps are not enabled by default on client versions of Windows
#
# JFR recording file will be written. Location: C:\Users\ankit\IdeaProjects\CCRM\hs_err_pid17076.jfr
#
# If you would like to submit a bug report, please visit:
#   https://bugreport.java.com/bugreport/crash.jsp
# The crash happened outside the Java Virtual Machine in native code.
# See problematic frame for where to report the bug.
#

---------------  S U M M A R Y ------------

Command Line: -javaagent:C:\Users\ankit\AppData\Local\Programs\IntelliJ IDEA Ultimate\lib\idea_rt.jar=52534 -Dfile.encoding=UTF-8 -Dsun.stdout.encoding=UTF-8 -Dsun.stderr.encoding=UTF-8 CCRM

Host: 13th Gen Intel(R) Core(TM) i5-13450HX, 16 cores, 15G,  Windows 11 , 64 bit Build 26100 (10.0.26100.5074)
Time: Thu Sep 25 17:20:23 2025 India Standard Time elapsed time: 3.710217 seconds (0d 0h 0m 3s)

---------------  T H R E A D  ---------------

Current thread (0x00000218222f2aa0):  JavaThread "Attach Listener" daemon [_thread_in_native, id=12472, stack(0x0000009a89600000,0x0000009a89700000) (1024K)]

Stack: [0x0000009a89600000,0x0000009a89700000],  sp=0x0000009a896ff2f0,  free space=1020k
Native frames: (J=compiled Java code, j=interpreted, Vv=VM code, C=native code)
C  [libasyncProfiler.dll+0x926c4]  (no source info available)
C  [libasyncProfiler.dll+0x92b9b]  (no source info available)
C  [libasyncProfiler.dll+0x917f4]  (no source info available)
C  [libasyncProfiler.dll+0x9206a]  (no source info available)
C  [libasyncProfiler.dll+0x8cc21]  (no source info available)
C  [libasyncProfiler.dll+0x7e5e1]  (no source info available)
C  [libasyncProfiler.dll+0x7d2f8]  (no source info available)
C  [libasyncProfiler.dll+0x7d1e0]  (no source info available)
C  [libasyncProfiler.dll+0x841b9]  (no source info available)
V  [jvm.dll+0x57eff7]  (no source info available)
V  [jvm.dll+0x57fdac]  (no source info available)
V  [jvm.dll+0x14ca17]  (no source info available)
V  [jvm.dll+0x14dfe1]  (no source info available)
V  [jvm.dll+0x42f456]  (no source info available)
V  [jvm.dll+0x87d76b]  (no source info available)
V  [jvm.dll+0x72ee55]  (no source info available)
C  [ucrtbase.dll+0x37b0]  (no source info available)
C  [KERNEL32.DLL+0x2e8d7]  (no source info available)
C  [ntdll.dll+0x8d9c]  (no source info available)


siginfo: EXCEPTION_ACCESS_VIOLATION (0xc0000005), reading address 0xffffffffffffffff


Registers:
RAX=0x0000000000000010, RBX=0x0000000000000000, RCX=0xffffffffffffffff, RDX=0x007ffe5a02301010
RSP=0x0000009a896ff2f0, RBP=0x00000218689a49f0, RSI=0x0000009a896ff460, RDI=0x00000218689a49f0
R8 =0x0000000000000042, R9 =0x0000000714801ed8, R10=0x00007ffe5a299fb0, R11=0x0000000000000002
R12=0x0000009a896ff460, R13=0x0000021868668230, R14=0x00000218222f2e68, R15=0x00000218222f2e68
RIP=0x00007ffe7e8b26c4, EFLAGS=0x0000000000010202

XMM[0]=0x0000000000000000 0x0000000000000000
XMM[1]=0x0000000000000000 0x0000000000000000
XMM[2]=0x0000000000000000 0x0000000000000000
XMM[3]=0x0000000000000000 0x0000000000000000
XMM[4]=0x0000000000000000 0x0000000000000000
XMM[5]=0x0000000000000000 0x0000000000000000
XMM[6]=0x0000000000000000 0x0000000000000000
XMM[7]=0x0000000000000000 0x0000000000000000
XMM[8]=0x0000000000000000 0x0000000000000000
XMM[9]=0x0000000000000000 0x0000000000000000
XMM[10]=0x0000000000000000 0x0000000000000000
XMM[11]=0x0000000000000000 0x0000000000000000
XMM[12]=0x0000000000000000 0x0000000000000000
XMM[13]=0x0000000000000000 0x0000000000000000
XMM[14]=0x0000000000000000 0x0000000000000000
XMM[15]=0x0000000000000000 0x0000000000000000
  MXCSR=0x00001fa0


Register to memory mapping:

RAX=0x0000000000000010 is an unknown value
RBX=0x0 is null
RCX=0xffffffffffffffff is an unknown value
RDX=0x007ffe5a02301010 is an unknown value
RSP=0x0000009a896ff2f0 is pointing into the stack for thread: 0x00000218222f2aa0
RBP=0x00000218689a49f0 points into unknown readable memory: 0x0000000714801ed8 | d8 1e 80 14 07 00 00 00
RSI=0x0000009a896ff460 is pointing into the stack for thread: 0x00000218222f2aa0
RDI=0x00000218689a49f0 points into unknown readable memory: 0x0000000714801ed8 | d8 1e 80 14 07 00 00 00
R8 =0x0000000000000042 is an unknown value
R9 =0x0000000714801ed8 is an oop: java.lang.Thread 
{0x0000000714801ed8} - klass: 'java/lang/Thread' - flags: 

 - ---- fields (total size 14 words):
 - 'threadLocalRandomProbe' 'I' @12  0 (0x00000000)
 - private volatile 'eetop' 'J' @16  2302137466640 (0x000002180215ff10)
 - private final 'tid' 'J' @24  3 (0x0000000000000003)
 - 'threadLocalRandomSeed' 'J' @32  0 (0x0000000000000000)
 - injected 'jvmti_thread_state' 'J' @40  2302687075424 (0x0000021822d85c60)
 - 'threadLocalRandomSecondarySeed' 'I' @48  0 (0x00000000)
 - injected 'jvmti_VTMS_transition_disable_count' 'I' @52  0 (0x00000000)
 - injected 'jfr_epoch' 'S' @56  0 (0x0000)
 - volatile 'interrupted' 'Z' @58  false (0x00)
 - injected 'jvmti_is_in_VTMS_transition' 'Z' @59  false (0x00)
 - private volatile 'name' 'Ljava/lang/String;' @60  "main"{0x0000000714801f48} (0xe29003e9)
 - private volatile 'contextClassLoader' 'Ljava/lang/ClassLoader;' @64  a 'jdk/internal/loader/ClassLoaders$AppClassLoader'{0x0000000714816350} (0xe2902c6a)
 - private final 'holder' 'Ljava/lang/Thread$FieldHolder;' @68  a 'java/lang/Thread$FieldHolder'{0x0000000714801f88} (0xe29003f1)
 - 'threadLocals' 'Ljava/lang/ThreadLocal$ThreadLocalMap;' @72  a 'java/lang/ThreadLocal$ThreadLocalMap'{0x0000000714733cb8} (0xe28e6797)
 - 'inheritableThreadLocals' 'Ljava/lang/ThreadLocal$ThreadLocalMap;' @76  null (0x00000000)
 - private 'scopedValueBindings' 'Ljava/lang/Object;' @80  a 'java/lang/Class'{0x00000007ffe7c890} = 'java/lang/Thread' (0xfffcf912)
 - final 'interruptLock' 'Ljava/lang/Object;' @84  a 'java/lang/Object'{0x0000000714801f78} (0xe29003ef)
 - private volatile 'parkBlocker' 'Ljava/lang/Object;' @88  null (0x00000000)
 - private 'nioBlocker' 'Lsun/nio/ch/Interruptible;' @92  null (0x00000000)
 - private 'cont' 'Ljdk/internal/vm/Continuation;' @96  null (0x00000000)
 - private volatile 'uncaughtExceptionHandler' 'Ljava/lang/Thread$UncaughtExceptionHandler;' @100  null (0x00000000)
 - private 'container' 'Ljdk/internal/vm/ThreadContainer;' @104  null (0x00000000)
 - private volatile 'headStackableScopes' 'Ljdk/internal/vm/StackableScope;' @108  null (0x00000000)
R10=0x00007ffe5a299fb0 jvm.dll
R11=0x0000000000000002 is an unknown value
R12=0x0000009a896ff460 is pointing into the stack for thread: 0x00000218222f2aa0
R13=0x0000021868668230 points into unknown readable memory: 0x00007ffe5a20a510 | 10 a5 20 5a fe 7f 00 00
R14=0x00000218222f2e68 points into unknown readable memory: 0x00007ffe5a2017b0 | b0 17 20 5a fe 7f 00 00
R15=0x00000218222f2e68 points into unknown readable memory: 0x00007ffe5a2017b0 | b0 17 20 5a fe 7f 00 00

Top of Stack: (sp=0x0000009a896ff2f0)
0x0000009a896ff2f0:   0000009a896ff460 00000218689a49f0   `.o......I.h....
0x0000009a896ff300:   0000000000000000 00000218222f31f0   .........1/"....
0x0000009a896ff310:   0000000000000024 00007ffe7e8b2b9b   $........+.~....
0x0000009a896ff320:   0000000000000000 00000218222f2e68   ........h./"....
0x0000009a896ff330:   0000009a896ff401 0000000000000000   ..o.............
0x0000009a896ff340:   00000218694411c0 00007ffe7e8b17f4   ..Di.......~....
0x0000009a896ff350:   0000000000000000 0000000000000024   ........$.......
0x0000009a896ff360:   0000000000000000 0000000000000024   ........$.......
0x0000009a896ff370:   0000000f00000003 000002186a669680   ..........fj....
0x0000009a896ff380:   00000218694411c0 0000021869441250   ..Di....P.Di....
0x0000009a896ff390:   0000021869441268 0000000000006064   h.Di....d`......
0x0000009a896ff3a0:   0000000000000000 0000000000000000   ................
0x0000009a896ff3b0:   0000000000000000 00007ffe59a657d4   .........W.Y....
0x0000009a896ff3c0:   00007ffe7e9f4ca0 00000000000042b4   .L.~.....B......
0x0000009a896ff3d0:   00007ffe7e9f4ca0 00000000ffffffff   .L.~............
0x0000009a896ff3e0:   0000000000000000 00007ffe7e8b206a   ........j .~....
0x0000009a896ff3f0:   00000218222f2e68 0000000000000000   h./"............
0x0000009a896ff400:   0000009a896ff469 0000021868668230   i.o.....0.fh....
0x0000009a896ff410:   0000000000000004 0000000000000048   ........H.......
0x0000009a896ff420:   0000000800800310 0000000000000020   ........ .......
0x0000009a896ff430:   00000218222f2e68 00007ffe7e9f4ca0   h./".....L.~....
0x0000009a896ff440:   000002182142e460 0000021822d85c60   `.B!....`\."....
0x0000009a896ff450:   0000000800800390 00000218222f2e68   ........h./"....
0x0000009a896ff460:   000002186a3a0d80 000002186a3a1200   ..:j......:j....
0x0000009a896ff470:   000002186a3a1200 00007ffe7e9f4ca0   ..:j.....L.~....
0x0000009a896ff480:   00000218686557a8 0000009a896ff5f8   .Weh......o.....
0x0000009a896ff490:   0000009a896ff730 0000000000008840   0.o.....@.......
0x0000009a896ff4a0:   0000009a896ff910 00007ffe7e9f4cf0   ..o......L.~....
0x0000009a896ff4b0:   0000000000989680 0000000000989680   ................
0x0000009a896ff4c0:   0000009a896ff5d0 00007ffe7e8acc21   ..o.....!..~....
0x0000009a896ff4d0:   00007ffe7e9f4ca0 00007ffe7e9f4cf8   .L.~.....L.~....
0x0000009a896ff4e0:   00007ffe00000000 00007ffe00000001   ................

Instructions: (pc=0x00007ffe7e8b26c4)
  0x00007ffe7e8b25c4:   cc cc cc cc cc cc cc cc cc cc cc cc cc cc cc cc
  0x00007ffe7e8b25d4:   cc cc cc cc cc cc cc cc cc cc cc cc cc cc cc cc
  0x00007ffe7e8b25e4:   cc cc cc cc cc cc cc cc cc cc cc cc cc cc cc cc
  0x00007ffe7e8b25f4:   cc cc cc cc cc cc cc cc cc cc cc cc cc cc cc cc
  0x00007ffe7e8b2604:   cc cc cc cc cc cc cc cc cc cc cc cc cc cc cc cc
  0x00007ffe7e8b2614:   cc cc cc cc cc cc cc cc cc cc cc cc cc cc cc cc
  0x00007ffe7e8b2624:   cc cc cc cc cc cc cc cc cc cc cc cc cc cc cc cc
  0x00007ffe7e8b2634:   cc cc cc cc cc cc cc cc cc cc cc cc cc cc cc cc
  0x00007ffe7e8b2644:   cc cc cc cc cc cc cc cc cc cc cc cc 40 57 48 83
  0x00007ffe7e8b2654:   ec 20 48 8b f9 48 8b 0d 10 28 14 00 48 85 c9 74
  0x00007ffe7e8b2664:   20 48 8b 01 48 8d 54 24 38 41 b8 06 00 01 00 4c
  0x00007ffe7e8b2674:   8b 48 30 41 ff d1 85 c0 75 07 48 8b 4c 24 38 eb
  0x00007ffe7e8b2684:   02 33 c9 4c 8b 05 ea 28 14 00 48 89 5c 24 30 4d
  0x00007ffe7e8b2694:   85 c0 74 4a 48 8b 01 48 8b d7 4c 8b 88 28 03 00
  0x00007ffe7e8b26a4:   00 41 ff d1 48 85 c0 74 35 48 63 0d f8 e6 13 00
  0x00007ffe7e8b26b4:   48 8b 14 01 48 85 d2 74 15 48 63 05 fc e6 13 00
=>0x00007ffe7e8b26c4:   8b 04 10 48 8b 5c 24 30 48 83 c4 20 5f c3 b8 ff
  0x00007ffe7e8b26d4:   ff ff ff 48 8b 5c 24 30 48 83 c4 20 5f c3 80 3d
  0x00007ffe7e8b26e4:   9b 27 14 00 00 bb ff ff ff ff 74 20 4c 8b 0d 31
  0x00007ffe7e8b26f4:   24 14 00 4c 8d 44 24 38 48 8b 0d 15 24 14 00 48
  0x00007ffe7e8b2704:   8b d7 41 ff d1 85 c0 0f 44 5c 24 38 8b c3 48 8b
  0x00007ffe7e8b2714:   5c 24 30 48 83 c4 20 5f c3 cc cc cc cc cc cc cc
  0x00007ffe7e8b2724:   cc cc cc cc cc cc cc cc cc cc cc cc cc cc cc cc
  0x00007ffe7e8b2734:   cc cc cc cc cc cc cc cc cc cc cc cc cc cc cc cc
  0x00007ffe7e8b2744:   cc cc cc cc cc cc cc cc cc cc cc cc 48 89 54 24
  0x00007ffe7e8b2754:   10 53 55 56 57 41 56 41 57 48 83 ec 28 48 8b f2
  0x00007ffe7e8b2764:   4c 8b f1 48 89 4c 24 78 45 33 ff 44 89 7c 24 68
  0x00007ffe7e8b2774:   c7 44 24 60 01 00 00 00 48 8d 4c 24 68 e8 ed 42
  0x00007ffe7e8b2784:   f7 ff 8b d8 48 8d 4c 24 60 e8 e1 42 f7 ff 8b e8
  0x00007ffe7e8b2794:   49 8b ce e8 00 fc f6 ff 48 8b f8 90 8b c3 f0 0f
  0x00007ffe7e8b27a4:   b1 2f 74 04 f3 90 eb f4 4c 89 3e 4c 89 7e 08 4c
  0x00007ffe7e8b27b4:   89 7e 10 49 8b 6e 08 4d 8b 76 10 49 3b ee 0f 84


Stack slot to memory mapping:

stack at sp + 0 slots: 0x0000009a896ff460 is pointing into the stack for thread: 0x00000218222f2aa0
stack at sp + 1 slots: 0x00000218689a49f0 points into unknown readable memory: 0x0000000714801ed8 | d8 1e 80 14 07 00 00 00
stack at sp + 2 slots: 0x0 is null
stack at sp + 3 slots: 0x00000218222f31f0 points into unknown readable memory: 0x6e616c2e6176616a | 6a 61 76 61 2e 6c 61 6e
stack at sp + 4 slots: 0x0000000000000024 is an unknown value
stack at sp + 5 slots: 0x00007ffe7e8b2b9b libasyncProfiler.dll
stack at sp + 6 slots: 0x0 is null
stack at sp + 7 slots: 0x00000218222f2e68 points into unknown readable memory: 0x00007ffe5a2017b0 | b0 17 20 5a fe 7f 00 00

Lock stack of current Java thread (top to bottom):


---------------  P R O C E S S  ---------------

Threads class SMR info:
_java_thread_list=0x00000218689af2c0, length=25, elements={
0x000002180215ff10, 0x00000218222ec500, 0x00000218222ed8b0, 0x00000218222f1d10,
0x00000218222f2aa0, 0x00000218222f5ae0, 0x00000218222f6610, 0x00000218222f92f0,
0x0000021822307610, 0x00000218225938d0, 0x00000218225a8ca0, 0x00000218225a93e0,
0x0000021822ed34d0, 0x0000021822abfbd0, 0x0000021822e8b140, 0x0000021822e8bc90,
0x000002186860a530, 0x00000218685827a0, 0x0000021868582010, 0x0000021868be9800,
0x0000021868582f30, 0x0000021868583e50, 0x0000021868584d70, 0x0000021868585500,
0x000002186942bc50
}

Java Threads: ( => current thread )
  0x000002180215ff10 JavaThread "main"                              [_thread_in_native, id=20724, stack(0x0000009a88b00000,0x0000009a88c00000) (1024K)]
  0x00000218222ec500 JavaThread "Reference Handler"          daemon [_thread_blocked, id=21652, stack(0x0000009a89300000,0x0000009a89400000) (1024K)]
  0x00000218222ed8b0 JavaThread "Finalizer"                  daemon [_thread_blocked, id=33056, stack(0x0000009a89400000,0x0000009a89500000) (1024K)]
  0x00000218222f1d10 JavaThread "Signal Dispatcher"          daemon [_thread_blocked, id=19616, stack(0x0000009a89500000,0x0000009a89600000) (1024K)]
=>0x00000218222f2aa0 JavaThread "Attach Listener"            daemon [_thread_in_native, id=12472, stack(0x0000009a89600000,0x0000009a89700000) (1024K)]
  0x00000218222f5ae0 JavaThread "Service Thread"             daemon [_thread_blocked, id=16552, stack(0x0000009a89700000,0x0000009a89800000) (1024K)]
  0x00000218222f6610 JavaThread "Monitor Deflation Thread"   daemon [_thread_blocked, id=17800, stack(0x0000009a89800000,0x0000009a89900000) (1024K)]
  0x00000218222f92f0 JavaThread "C2 CompilerThread0"         daemon [_thread_blocked, id=17968, stack(0x0000009a89900000,0x0000009a89a00000) (1024K)]
  0x0000021822307610 JavaThread "C1 CompilerThread0"         daemon [_thread_blocked, id=9532, stack(0x0000009a89a00000,0x0000009a89b00000) (1024K)]
  0x00000218225938d0 JavaThread "Common-Cleaner"             daemon [_thread_blocked, id=16748, stack(0x0000009a8a000000,0x0000009a8a100000) (1024K)]
  0x00000218225a8ca0 JavaThread "Monitor Ctrl-Break"         daemon [_thread_in_native, id=22324, stack(0x0000009a8a100000,0x0000009a8a200000) (1024K)]
  0x00000218225a93e0 JavaThread "Notification Thread"        daemon [_thread_blocked, id=24404, stack(0x0000009a8a200000,0x0000009a8a300000) (1024K)]
  0x0000021822ed34d0 JavaThread "RMI TCP Accept-0"           daemon [_thread_in_native, id=34788, stack(0x0000009a8a400000,0x0000009a8a500000) (1024K)]
  0x0000021822abfbd0 JavaThread "RMI TCP Connection(1)-172.25.244.232" daemon [_thread_in_native, id=21656, stack(0x0000009a8a500000,0x0000009a8a600000) (1024K)]
  0x0000021822e8b140 JavaThread "RMI Scheduler(0)"           daemon [_thread_blocked, id=17176, stack(0x0000009a8a600000,0x0000009a8a700000) (1024K)]
  0x0000021822e8bc90 JavaThread "JMX server connection timeout 40" daemon [_thread_blocked, id=28588, stack(0x0000009a8a700000,0x0000009a8a800000) (1024K)]
  0x000002186860a530 JavaThread "RMI TCP Connection(2)-172.25.244.232" daemon [_thread_in_native, id=32388, stack(0x0000009a8a800000,0x0000009a8a900000) (1024K)]
  0x00000218685827a0 JavaThread "C2 CompilerThread1"         daemon [_thread_blocked, id=12624, stack(0x0000009a89b00000,0x0000009a89c00000) (1024K)]
  0x0000021868582010 JavaThread "C2 CompilerThread2"         daemon [_thread_blocked, id=11456, stack(0x0000009a89c00000,0x0000009a89d00000) (1024K)]
  0x0000021868be9800 JavaThread "JFR Recorder Thread"        daemon [_thread_in_native, id=7336, stack(0x0000009a89d00000,0x0000009a89e00000) (1024K)]
  0x0000021868582f30 JavaThread "C1 CompilerThread1"         daemon [_thread_blocked, id=27456, stack(0x0000009a89e00000,0x0000009a89f00000) (1024K)]
  0x0000021868583e50 JavaThread "C1 CompilerThread2"         daemon [_thread_blocked, id=20888, stack(0x0000009a89f00000,0x0000009a8a000000) (1024K)]
  0x0000021868584d70 JavaThread "C1 CompilerThread3"         daemon [_thread_blocked, id=3700, stack(0x0000009a8a300000,0x0000009a8a400000) (1024K)]
  0x0000021868585500 JavaThread "C2 CompilerThread3"         daemon [_thread_blocked, id=11092, stack(0x0000009a8a900000,0x0000009a8aa00000) (1024K)]
  0x000002186942bc50 JavaThread "JFR Periodic Tasks"         daemon [_thread_blocked, id=24676, stack(0x0000009a8aa00000,0x0000009a8ab00000) (1024K)]
Total: 25

Other Threads:
  0x000002182160aab0 VMThread "VM Thread"                           [id=22132, stack(0x0000009a89200000,0x0000009a89300000) (1024K)]
  0x00000218214c7250 WatcherThread "VM Periodic Task Thread"        [id=4028, stack(0x0000009a89100000,0x0000009a89200000) (1024K)]
  0x000002187fbfdf20 WorkerThread "GC Thread#0"                     [id=6900, stack(0x0000009a88c00000,0x0000009a88d00000) (1024K)]
  0x0000021802213d00 ConcurrentGCThread "G1 Main Marker"            [id=27712, stack(0x0000009a88d00000,0x0000009a88e00000) (1024K)]
  0x00000218022155d0 WorkerThread "G1 Conc#0"                       [id=9076, stack(0x0000009a88e00000,0x0000009a88f00000) (1024K)]
  0x00000218214b9220 ConcurrentGCThread "G1 Refine#0"               [id=15596, stack(0x0000009a88f00000,0x0000009a89000000) (1024K)]
  0x00000218214b9b50 ConcurrentGCThread "G1 Service"                [id=23684, stack(0x0000009a89000000,0x0000009a89100000) (1024K)]
Total: 7

Threads with active compile tasks:
Total: 0

VM state: not at safepoint (normal execution)

VM Mutex/Monitor currently owned by a thread: None

Heap address: 0x0000000704e00000, size: 4018 MB, Compressed Oops mode: Zero based, Oop shift amount: 3

CDS archive(s) mapped at: [0x0000021823000000-0x0000021823d40000-0x0000021823d40000), size 13893632, SharedBaseAddress: 0x0000021823000000, ArchiveRelocationMode: 1.
Compressed class space mapped at: 0x0000021824000000-0x0000021864000000, reserved size: 1073741824
UseCompressedClassPointers 1, UseCompactObjectHeaders 0
Narrow klass pointer bits 32, Max shift 3
Narrow klass base: 0x0000021823000000, Narrow klass shift: 0
Encoding Range: [0x0000021823000000 - 0x0000021923000000), (4294967296 bytes)
Klass Range:    [0x0000021823000000 - 0x0000021864000000), (1090519040 bytes)
Klass ID Range:  [8 - 1090519033) (1090519025)

GC Precious Log:
 CardTable entry size: 512
 Card Set container configuration: InlinePtr #cards 4 size 8 Array Of Cards #cards 16 size 48 Howl #buckets 8 coarsen threshold 3686 Howl Bitmap #cards 512 size 80 coarsen threshold 460 Card regions per heap region 1 cards per card region 4096
 CPUs: 16 total, 16 available
 Memory: 16068M
 Large Page Support: Disabled
 NUMA Support: Disabled
 Compressed Oops: Enabled (Zero based)
 Heap Region Size: 2M
 Heap Min Capacity: 8M
 Heap Initial Capacity: 252M
 Heap Max Capacity: 4018M
 Pre-touch: Disabled
 Parallel Workers: 13
 Concurrent Workers: 3
 Concurrent Refinement Workers: 13
 Periodic GC: Disabled

Heap:
 garbage-first heap   total reserved 4114432K, committed 260096K, used 35956K [0x0000000704e00000, 0x0000000800000000)
  region size 2048K, 18 young (36864K), 0 survivors (0K)
 Metaspace       used 8000K, committed 8192K, reserved 1114112K
  class space    used 738K, committed 832K, reserved 1048576K

Heap Regions: E=young(eden), S=young(survivor), O=old, HS=humongous(starts), HC=humongous(continues), CS=collection set, F=free, TAMS=top-at-mark-start, PB=parsable bottom
|   0|0x0000000704e00000, 0x0000000704e00000, 0x0000000705000000|  0%| F|  |TAMS 0x0000000704e00000| PB 0x0000000704e00000| Untracked |  0
|   1|0x0000000705000000, 0x0000000705000000, 0x0000000705200000|  0%| F|  |TAMS 0x0000000705000000| PB 0x0000000705000000| Untracked |  0
|   2|0x0000000705200000, 0x0000000705200000, 0x0000000705400000|  0%| F|  |TAMS 0x0000000705200000| PB 0x0000000705200000| Untracked |  0
|   3|0x0000000705400000, 0x0000000705400000, 0x0000000705600000|  0%| F|  |TAMS 0x0000000705400000| PB 0x0000000705400000| Untracked |  0
|   4|0x0000000705600000, 0x0000000705600000, 0x0000000705800000|  0%| F|  |TAMS 0x0000000705600000| PB 0x0000000705600000| Untracked |  0
|   5|0x0000000705800000, 0x0000000705800000, 0x0000000705a00000|  0%| F|  |TAMS 0x0000000705800000| PB 0x0000000705800000| Untracked |  0
|   6|0x0000000705a00000, 0x0000000705a00000, 0x0000000705c00000|  0%| F|  |TAMS 0x0000000705a00000| PB 0x0000000705a00000| Untracked |  0
|   7|0x0000000705c00000, 0x0000000705c00000, 0x0000000705e00000|  0%| F|  |TAMS 0x0000000705c00000| PB 0x0000000705c00000| Untracked |  0
|   8|0x0000000705e00000, 0x0000000705e00000, 0x0000000706000000|  0%| F|  |TAMS 0x0000000705e00000| PB 0x0000000705e00000| Untracked |  0
|   9|0x0000000706000000, 0x0000000706000000, 0x0000000706200000|  0%| F|  |TAMS 0x0000000706000000| PB 0x0000000706000000| Untracked |  0
|  10|0x0000000706200000, 0x0000000706200000, 0x0000000706400000|  0%| F|  |TAMS 0x0000000706200000| PB 0x0000000706200000| Untracked |  0
|  11|0x0000000706400000, 0x0000000706400000, 0x0000000706600000|  0%| F|  |TAMS 0x0000000706400000| PB 0x0000000706400000| Untracked |  0
|  12|0x0000000706600000, 0x0000000706600000, 0x0000000706800000|  0%| F|  |TAMS 0x0000000706600000| PB 0x0000000706600000| Untracked |  0
|  13|0x0000000706800000, 0x0000000706800000, 0x0000000706a00000|  0%| F|  |TAMS 0x0000000706800000| PB 0x0000000706800000| Untracked |  0
|  14|0x0000000706a00000, 0x0000000706a00000, 0x0000000706c00000|  0%| F|  |TAMS 0x0000000706a00000| PB 0x0000000706a00000| Untracked |  0
|  15|0x0000000706c00000, 0x0000000706c00000, 0x0000000706e00000|  0%| F|  |TAMS 0x0000000706c00000| PB 0x0000000706c00000| Untracked |  0
|  16|0x0000000706e00000, 0x0000000706e00000, 0x0000000707000000|  0%| F|  |TAMS 0x0000000706e00000| PB 0x0000000706e00000| Untracked |  0
|  17|0x0000000707000000, 0x0000000707000000, 0x0000000707200000|  0%| F|  |TAMS 0x0000000707000000| PB 0x0000000707000000| Untracked |  0
|  18|0x0000000707200000, 0x0000000707200000, 0x0000000707400000|  0%| F|  |TAMS 0x0000000707200000| PB 0x0000000707200000| Untracked |  0
|  19|0x0000000707400000, 0x0000000707400000, 0x0000000707600000|  0%| F|  |TAMS 0x0000000707400000| PB 0x0000000707400000| Untracked |  0
|  20|0x0000000707600000, 0x0000000707600000, 0x0000000707800000|  0%| F|  |TAMS 0x0000000707600000| PB 0x0000000707600000| Untracked |  0
|  21|0x0000000707800000, 0x0000000707800000, 0x0000000707a00000|  0%| F|  |TAMS 0x0000000707800000| PB 0x0000000707800000| Untracked |  0
|  22|0x0000000707a00000, 0x0000000707a00000, 0x0000000707c00000|  0%| F|  |TAMS 0x0000000707a00000| PB 0x0000000707a00000| Untracked |  0
|  23|0x0000000707c00000, 0x0000000707c00000, 0x0000000707e00000|  0%| F|  |TAMS 0x0000000707c00000| PB 0x0000000707c00000| Untracked |  0
|  24|0x0000000707e00000, 0x0000000707e00000, 0x0000000708000000|  0%| F|  |TAMS 0x0000000707e00000| PB 0x0000000707e00000| Untracked |  0
|  25|0x0000000708000000, 0x0000000708000000, 0x0000000708200000|  0%| F|  |TAMS 0x0000000708000000| PB 0x0000000708000000| Untracked |  0
|  26|0x0000000708200000, 0x0000000708200000, 0x0000000708400000|  0%| F|  |TAMS 0x0000000708200000| PB 0x0000000708200000| Untracked |  0
|  27|0x0000000708400000, 0x0000000708400000, 0x0000000708600000|  0%| F|  |TAMS 0x0000000708400000| PB 0x0000000708400000| Untracked |  0
|  28|0x0000000708600000, 0x0000000708600000, 0x0000000708800000|  0%| F|  |TAMS 0x0000000708600000| PB 0x0000000708600000| Untracked |  0
|  29|0x0000000708800000, 0x0000000708800000, 0x0000000708a00000|  0%| F|  |TAMS 0x0000000708800000| PB 0x0000000708800000| Untracked |  0
|  30|0x0000000708a00000, 0x0000000708a00000, 0x0000000708c00000|  0%| F|  |TAMS 0x0000000708a00000| PB 0x0000000708a00000| Untracked |  0
|  31|0x0000000708c00000, 0x0000000708c00000, 0x0000000708e00000|  0%| F|  |TAMS 0x0000000708c00000| PB 0x0000000708c00000| Untracked |  0
|  32|0x0000000708e00000, 0x0000000708e00000, 0x0000000709000000|  0%| F|  |TAMS 0x0000000708e00000| PB 0x0000000708e00000| Untracked |  0
|  33|0x0000000709000000, 0x0000000709000000, 0x0000000709200000|  0%| F|  |TAMS 0x0000000709000000| PB 0x0000000709000000| Untracked |  0
|  34|0x0000000709200000, 0x0000000709200000, 0x0000000709400000|  0%| F|  |TAMS 0x0000000709200000| PB 0x0000000709200000| Untracked |  0
|  35|0x0000000709400000, 0x0000000709400000, 0x0000000709600000|  0%| F|  |TAMS 0x0000000709400000| PB 0x0000000709400000| Untracked |  0
|  36|0x0000000709600000, 0x0000000709600000, 0x0000000709800000|  0%| F|  |TAMS 0x0000000709600000| PB 0x0000000709600000| Untracked |  0
|  37|0x0000000709800000, 0x0000000709800000, 0x0000000709a00000|  0%| F|  |TAMS 0x0000000709800000| PB 0x0000000709800000| Untracked |  0
|  38|0x0000000709a00000, 0x0000000709a00000, 0x0000000709c00000|  0%| F|  |TAMS 0x0000000709a00000| PB 0x0000000709a00000| Untracked |  0
|  39|0x0000000709c00000, 0x0000000709c00000, 0x0000000709e00000|  0%| F|  |TAMS 0x0000000709c00000| PB 0x0000000709c00000| Untracked |  0
|  40|0x0000000709e00000, 0x0000000709e00000, 0x000000070a000000|  0%| F|  |TAMS 0x0000000709e00000| PB 0x0000000709e00000| Untracked |  0
|  41|0x000000070a000000, 0x000000070a000000, 0x000000070a200000|  0%| F|  |TAMS 0x000000070a000000| PB 0x000000070a000000| Untracked |  0
|  42|0x000000070a200000, 0x000000070a200000, 0x000000070a400000|  0%| F|  |TAMS 0x000000070a200000| PB 0x000000070a200000| Untracked |  0
|  43|0x000000070a400000, 0x000000070a400000, 0x000000070a600000|  0%| F|  |TAMS 0x000000070a400000| PB 0x000000070a400000| Untracked |  0
|  44|0x000000070a600000, 0x000000070a600000, 0x000000070a800000|  0%| F|  |TAMS 0x000000070a600000| PB 0x000000070a600000| Untracked |  0
|  45|0x000000070a800000, 0x000000070a800000, 0x000000070aa00000|  0%| F|  |TAMS 0x000000070a800000| PB 0x000000070a800000| Untracked |  0
|  46|0x000000070aa00000, 0x000000070aa00000, 0x000000070ac00000|  0%| F|  |TAMS 0x000000070aa00000| PB 0x000000070aa00000| Untracked |  0
|  47|0x000000070ac00000, 0x000000070ac00000, 0x000000070ae00000|  0%| F|  |TAMS 0x000000070ac00000| PB 0x000000070ac00000| Untracked |  0
|  48|0x000000070ae00000, 0x000000070ae00000, 0x000000070b000000|  0%| F|  |TAMS 0x000000070ae00000| PB 0x000000070ae00000| Untracked |  0
|  49|0x000000070b000000, 0x000000070b000000, 0x000000070b200000|  0%| F|  |TAMS 0x000000070b000000| PB 0x000000070b000000| Untracked |  0
|  50|0x000000070b200000, 0x000000070b200000, 0x000000070b400000|  0%| F|  |TAMS 0x000000070b200000| PB 0x000000070b200000| Untracked |  0
|  51|0x000000070b400000, 0x000000070b400000, 0x000000070b600000|  0%| F|  |TAMS 0x000000070b400000| PB 0x000000070b400000| Untracked |  0
|  52|0x000000070b600000, 0x000000070b600000, 0x000000070b800000|  0%| F|  |TAMS 0x000000070b600000| PB 0x000000070b600000| Untracked |  0
|  53|0x000000070b800000, 0x000000070b800000, 0x000000070ba00000|  0%| F|  |TAMS 0x000000070b800000| PB 0x000000070b800000| Untracked |  0
|  54|0x000000070ba00000, 0x000000070ba00000, 0x000000070bc00000|  0%| F|  |TAMS 0x000000070ba00000| PB 0x000000070ba00000| Untracked |  0
|  55|0x000000070bc00000, 0x000000070bc00000, 0x000000070be00000|  0%| F|  |TAMS 0x000000070bc00000| PB 0x000000070bc00000| Untracked |  0
|  56|0x000000070be00000, 0x000000070be00000, 0x000000070c000000|  0%| F|  |TAMS 0x000000070be00000| PB 0x000000070be00000| Untracked |  0
|  57|0x000000070c000000, 0x000000070c000000, 0x000000070c200000|  0%| F|  |TAMS 0x000000070c000000| PB 0x000000070c000000| Untracked |  0
|  58|0x000000070c200000, 0x000000070c200000, 0x000000070c400000|  0%| F|  |TAMS 0x000000070c200000| PB 0x000000070c200000| Untracked |  0
|  59|0x000000070c400000, 0x000000070c400000, 0x000000070c600000|  0%| F|  |TAMS 0x000000070c400000| PB 0x000000070c400000| Untracked |  0
|  60|0x000000070c600000, 0x000000070c600000, 0x000000070c800000|  0%| F|  |TAMS 0x000000070c600000| PB 0x000000070c600000| Untracked |  0
|  61|0x000000070c800000, 0x000000070c800000, 0x000000070ca00000|  0%| F|  |TAMS 0x000000070c800000| PB 0x000000070c800000| Untracked |  0
|  62|0x000000070ca00000, 0x000000070ca00000, 0x000000070cc00000|  0%| F|  |TAMS 0x000000070ca00000| PB 0x000000070ca00000| Untracked |  0
|  63|0x000000070cc00000, 0x000000070cc00000, 0x000000070ce00000|  0%| F|  |TAMS 0x000000070cc00000| PB 0x000000070cc00000| Untracked |  0
|  64|0x000000070ce00000, 0x000000070ce00000, 0x000000070d000000|  0%| F|  |TAMS 0x000000070ce00000| PB 0x000000070ce00000| Untracked |  0
|  65|0x000000070d000000, 0x000000070d000000, 0x000000070d200000|  0%| F|  |TAMS 0x000000070d000000| PB 0x000000070d000000| Untracked |  0
|  66|0x000000070d200000, 0x000000070d200000, 0x000000070d400000|  0%| F|  |TAMS 0x000000070d200000| PB 0x000000070d200000| Untracked |  0
|  67|0x000000070d400000, 0x000000070d400000, 0x000000070d600000|  0%| F|  |TAMS 0x000000070d400000| PB 0x000000070d400000| Untracked |  0
|  68|0x000000070d600000, 0x000000070d600000, 0x000000070d800000|  0%| F|  |TAMS 0x000000070d600000| PB 0x000000070d600000| Untracked |  0
|  69|0x000000070d800000, 0x000000070d800000, 0x000000070da00000|  0%| F|  |TAMS 0x000000070d800000| PB 0x000000070d800000| Untracked |  0
|  70|0x000000070da00000, 0x000000070da00000, 0x000000070dc00000|  0%| F|  |TAMS 0x000000070da00000| PB 0x000000070da00000| Untracked |  0
|  71|0x000000070dc00000, 0x000000070dc00000, 0x000000070de00000|  0%| F|  |TAMS 0x000000070dc00000| PB 0x000000070dc00000| Untracked |  0
|  72|0x000000070de00000, 0x000000070de00000, 0x000000070e000000|  0%| F|  |TAMS 0x000000070de00000| PB 0x000000070de00000| Untracked |  0
|  73|0x000000070e000000, 0x000000070e000000, 0x000000070e200000|  0%| F|  |TAMS 0x000000070e000000| PB 0x000000070e000000| Untracked |  0
|  74|0x000000070e200000, 0x000000070e200000, 0x000000070e400000|  0%| F|  |TAMS 0x000000070e200000| PB 0x000000070e200000| Untracked |  0
|  75|0x000000070e400000, 0x000000070e400000, 0x000000070e600000|  0%| F|  |TAMS 0x000000070e400000| PB 0x000000070e400000| Untracked |  0
|  76|0x000000070e600000, 0x000000070e600000, 0x000000070e800000|  0%| F|  |TAMS 0x000000070e600000| PB 0x000000070e600000| Untracked |  0
|  77|0x000000070e800000, 0x000000070e800000, 0x000000070ea00000|  0%| F|  |TAMS 0x000000070e800000| PB 0x000000070e800000| Untracked |  0
|  78|0x000000070ea00000, 0x000000070ea00000, 0x000000070ec00000|  0%| F|  |TAMS 0x000000070ea00000| PB 0x000000070ea00000| Untracked |  0
|  79|0x000000070ec00000, 0x000000070ec00000, 0x000000070ee00000|  0%| F|  |TAMS 0x000000070ec00000| PB 0x000000070ec00000| Untracked |  0
|  80|0x000000070ee00000, 0x000000070ee00000, 0x000000070f000000|  0%| F|  |TAMS 0x000000070ee00000| PB 0x000000070ee00000| Untracked |  0
|  81|0x000000070f000000, 0x000000070f000000, 0x000000070f200000|  0%| F|  |TAMS 0x000000070f000000| PB 0x000000070f000000| Untracked |  0
|  82|0x000000070f200000, 0x000000070f200000, 0x000000070f400000|  0%| F|  |TAMS 0x000000070f200000| PB 0x000000070f200000| Untracked |  0
|  83|0x000000070f400000, 0x000000070f400000, 0x000000070f600000|  0%| F|  |TAMS 0x000000070f400000| PB 0x000000070f400000| Untracked |  0
|  84|0x000000070f600000, 0x000000070f600000, 0x000000070f800000|  0%| F|  |TAMS 0x000000070f600000| PB 0x000000070f600000| Untracked |  0
|  85|0x000000070f800000, 0x000000070f800000, 0x000000070fa00000|  0%| F|  |TAMS 0x000000070f800000| PB 0x000000070f800000| Untracked |  0
|  86|0x000000070fa00000, 0x000000070fa00000, 0x000000070fc00000|  0%| F|  |TAMS 0x000000070fa00000| PB 0x000000070fa00000| Untracked |  0
|  87|0x000000070fc00000, 0x000000070fc00000, 0x000000070fe00000|  0%| F|  |TAMS 0x000000070fc00000| PB 0x000000070fc00000| Untracked |  0
|  88|0x000000070fe00000, 0x000000070fe00000, 0x0000000710000000|  0%| F|  |TAMS 0x000000070fe00000| PB 0x000000070fe00000| Untracked |  0
|  89|0x0000000710000000, 0x0000000710000000, 0x0000000710200000|  0%| F|  |TAMS 0x0000000710000000| PB 0x0000000710000000| Untracked |  0
|  90|0x0000000710200000, 0x0000000710200000, 0x0000000710400000|  0%| F|  |TAMS 0x0000000710200000| PB 0x0000000710200000| Untracked |  0
|  91|0x0000000710400000, 0x0000000710400000, 0x0000000710600000|  0%| F|  |TAMS 0x0000000710400000| PB 0x0000000710400000| Untracked |  0
|  92|0x0000000710600000, 0x0000000710600000, 0x0000000710800000|  0%| F|  |TAMS 0x0000000710600000| PB 0x0000000710600000| Untracked |  0
|  93|0x0000000710800000, 0x0000000710800000, 0x0000000710a00000|  0%| F|  |TAMS 0x0000000710800000| PB 0x0000000710800000| Untracked |  0
|  94|0x0000000710a00000, 0x0000000710a00000, 0x0000000710c00000|  0%| F|  |TAMS 0x0000000710a00000| PB 0x0000000710a00000| Untracked |  0
|  95|0x0000000710c00000, 0x0000000710c00000, 0x0000000710e00000|  0%| F|  |TAMS 0x0000000710c00000| PB 0x0000000710c00000| Untracked |  0
|  96|0x0000000710e00000, 0x0000000710e00000, 0x0000000711000000|  0%| F|  |TAMS 0x0000000710e00000| PB 0x0000000710e00000| Untracked |  0
|  97|0x0000000711000000, 0x0000000711000000, 0x0000000711200000|  0%| F|  |TAMS 0x0000000711000000| PB 0x0000000711000000| Untracked |  0
|  98|0x0000000711200000, 0x0000000711200000, 0x0000000711400000|  0%| F|  |TAMS 0x0000000711200000| PB 0x0000000711200000| Untracked |  0
|  99|0x0000000711400000, 0x0000000711400000, 0x0000000711600000|  0%| F|  |TAMS 0x0000000711400000| PB 0x0000000711400000| Untracked |  0
| 100|0x0000000711600000, 0x0000000711600000, 0x0000000711800000|  0%| F|  |TAMS 0x0000000711600000| PB 0x0000000711600000| Untracked |  0
| 101|0x0000000711800000, 0x0000000711800000, 0x0000000711a00000|  0%| F|  |TAMS 0x0000000711800000| PB 0x0000000711800000| Untracked |  0
| 102|0x0000000711a00000, 0x0000000711a00000, 0x0000000711c00000|  0%| F|  |TAMS 0x0000000711a00000| PB 0x0000000711a00000| Untracked |  0
| 103|0x0000000711c00000, 0x0000000711c00000, 0x0000000711e00000|  0%| F|  |TAMS 0x0000000711c00000| PB 0x0000000711c00000| Untracked |  0
| 104|0x0000000711e00000, 0x0000000711e00000, 0x0000000712000000|  0%| F|  |TAMS 0x0000000711e00000| PB 0x0000000711e00000| Untracked |  0
| 105|0x0000000712000000, 0x0000000712000000, 0x0000000712200000|  0%| F|  |TAMS 0x0000000712000000| PB 0x0000000712000000| Untracked |  0
| 106|0x0000000712200000, 0x0000000712200000, 0x0000000712400000|  0%| F|  |TAMS 0x0000000712200000| PB 0x0000000712200000| Untracked |  0
| 107|0x0000000712400000, 0x0000000712400000, 0x0000000712600000|  0%| F|  |TAMS 0x0000000712400000| PB 0x0000000712400000| Untracked |  0
| 108|0x0000000712600000, 0x00000007127eb888, 0x0000000712800000| 96%| E|  |TAMS 0x0000000712600000| PB 0x0000000712600000| Complete |  0
| 109|0x0000000712800000, 0x0000000712a00000, 0x0000000712a00000|100%| E|CS|TAMS 0x0000000712800000| PB 0x0000000712800000| Complete |  0
| 110|0x0000000712a00000, 0x0000000712c00000, 0x0000000712c00000|100%| E|CS|TAMS 0x0000000712a00000| PB 0x0000000712a00000| Complete |  0
| 111|0x0000000712c00000, 0x0000000712e00000, 0x0000000712e00000|100%| E|CS|TAMS 0x0000000712c00000| PB 0x0000000712c00000| Complete |  0
| 112|0x0000000712e00000, 0x0000000713000000, 0x0000000713000000|100%| E|CS|TAMS 0x0000000712e00000| PB 0x0000000712e00000| Complete |  0
| 113|0x0000000713000000, 0x0000000713200000, 0x0000000713200000|100%| E|CS|TAMS 0x0000000713000000| PB 0x0000000713000000| Complete |  0
| 114|0x0000000713200000, 0x0000000713400000, 0x0000000713400000|100%| E|CS|TAMS 0x0000000713200000| PB 0x0000000713200000| Complete |  0
| 115|0x0000000713400000, 0x0000000713600000, 0x0000000713600000|100%| E|CS|TAMS 0x0000000713400000| PB 0x0000000713400000| Complete |  0
| 116|0x0000000713600000, 0x0000000713800000, 0x0000000713800000|100%| E|CS|TAMS 0x0000000713600000| PB 0x0000000713600000| Complete |  0
| 117|0x0000000713800000, 0x0000000713a00000, 0x0000000713a00000|100%| E|CS|TAMS 0x0000000713800000| PB 0x0000000713800000| Complete |  0
| 118|0x0000000713a00000, 0x0000000713c00000, 0x0000000713c00000|100%| E|CS|TAMS 0x0000000713a00000| PB 0x0000000713a00000| Complete |  0
| 119|0x0000000713c00000, 0x0000000713e00000, 0x0000000713e00000|100%| E|CS|TAMS 0x0000000713c00000| PB 0x0000000713c00000| Complete |  0
| 120|0x0000000713e00000, 0x0000000714000000, 0x0000000714000000|100%| E|CS|TAMS 0x0000000713e00000| PB 0x0000000713e00000| Complete |  0
| 121|0x0000000714000000, 0x0000000714200000, 0x0000000714200000|100%| E|CS|TAMS 0x0000000714000000| PB 0x0000000714000000| Complete |  0
| 122|0x0000000714200000, 0x0000000714400000, 0x0000000714400000|100%| E|CS|TAMS 0x0000000714200000| PB 0x0000000714200000| Complete |  0
| 123|0x0000000714400000, 0x0000000714600000, 0x0000000714600000|100%| E|CS|TAMS 0x0000000714400000| PB 0x0000000714400000| Complete |  0
| 124|0x0000000714600000, 0x0000000714800000, 0x0000000714800000|100%| E|CS|TAMS 0x0000000714600000| PB 0x0000000714600000| Complete |  0
| 125|0x0000000714800000, 0x0000000714a00000, 0x0000000714a00000|100%| E|CS|TAMS 0x0000000714800000| PB 0x0000000714800000| Complete |  0
|2008|0x00000007ffe00000, 0x00000007fff1d1c0, 0x0000000800000000| 55%| O|  |TAMS 0x00000007ffe00000| PB 0x00000007ffe00000| Untracked |  0

Card table byte_map: [0x000002181ab80000,0x000002181b360000] _byte_map_base: 0x0000021817359000

Marking Bits: (CMBitMap*) 0x000002187fbfe540
 Bits: [0x000002181b360000, 0x000002181f228000)

Polling page: 0x0000021800340000

Metaspace:

Usage:
  Non-class:      7.09 MB used.
      Class:    738.09 KB used.
       Both:      7.81 MB used.

Virtual space:
  Non-class space:       64.00 MB reserved,       7.19 MB ( 11%) committed,  1 nodes.
      Class space:        1.00 GB reserved,     832.00 KB ( <1%) committed,  1 nodes.
             Both:        1.06 GB reserved,       8.00 MB ( <1%) committed. 

Chunk freelists:
   Non-Class:  8.44 MB
       Class:  15.19 MB
        Both:  23.62 MB

MaxMetaspaceSize: unlimited
CompressedClassSpaceSize: 1.00 GB
Initial GC threshold: 21.00 MB
Current GC threshold: 21.00 MB
CDS: on
 - commit_granule_bytes: 65536.
 - commit_granule_words: 8192.
 - virtual_space_node_default_size: 8388608.
 - enlarge_chunks_in_place: 1.
UseCompressedClassPointers 1, UseCompactObjectHeaders 0
Narrow klass pointer bits 32, Max shift 3
Narrow klass base: 0x0000021823000000, Narrow klass shift: 0
Encoding Range: [0x0000021823000000 - 0x0000021923000000), (4294967296 bytes)
Klass Range:    [0x0000021823000000 - 0x0000021864000000), (1090519040 bytes)
Klass ID Range:  [8 - 1090519033) (1090519025)


Internal statistics:

num_allocs_failed_limit: 0.
num_arena_births: 192.
num_arena_deaths: 0.
num_vsnodes_births: 2.
num_vsnodes_deaths: 0.
num_space_committed: 128.
num_space_uncommitted: 0.
num_chunks_returned_to_freelist: 0.
num_chunks_taken_from_freelist: 255.
num_chunk_merges: 0.
num_chunk_splits: 152.
num_chunks_enlarged: 62.
num_inconsistent_stats: 0.

CodeHeap 'non-profiled nmethods': size=119232Kb used=622Kb max_used=622Kb free=118610Kb
 bounds [0x0000021812590000, 0x0000021812800000, 0x0000021819a00000]
CodeHeap 'profiled nmethods': size=119104Kb used=3068Kb max_used=3068Kb free=116035Kb
 bounds [0x000002180aa00000, 0x000002180ad00000, 0x0000021811e50000]
CodeHeap 'non-nmethods': size=7424Kb used=3027Kb max_used=3081Kb free=4396Kb
 bounds [0x0000021811e50000, 0x0000021812160000, 0x0000021812590000]
CodeCache: size=245760Kb, used=6717Kb, max_used=6771Kb, free=239041Kb
 total_blobs=2571, nmethods=2064, adapters=409, full_count=0
Compilation: enabled, stopped_count=0, restarted_count=0

Compilation events (20 events):
Event: 3.674 Thread 0x0000021868583e50 2060       1       jdk.jfr.internal.PlatformEventType::isEnabled (5 bytes)
Event: 3.674 Thread 0x0000021868584d70 2059       1       jdk.jfr.internal.EventControl::getNamedControls (5 bytes)
Event: 3.674 Thread 0x0000021868582f30 2061   !   3       jdk.jfr.internal.Control::setValue (102 bytes)
Event: 3.674 Thread 0x0000021868583e50 nmethod 2060 0x0000021812626308 code [0x0000021812626400, 0x00000218126264c8]
Event: 3.674 Thread 0x0000021868584d70 nmethod 2059 0x0000021812626608 code [0x0000021812626700, 0x00000218126267c8]
Event: 3.675 Thread 0x0000021868582f30 nmethod 2061 0x000002180acfd088 code [0x000002180acfd320, 0x000002180acfe778]
Event: 3.676 Thread 0x0000021868583e50 2062       1       jdk.jfr.internal.periodic.EventTask::getEventType (5 bytes)
Event: 3.676 Thread 0x00000218222f92f0 nmethod 2028 0x0000021812626908 code [0x0000021812626ba0, 0x0000021812628778]
Event: 3.676 Thread 0x0000021868584d70 2063       1       jdk.jfr.internal.periodic.PeriodicTask::getPeriod (5 bytes)
Event: 3.676 Thread 0x0000021868583e50 nmethod 2062 0x0000021812628888 code [0x0000021812628980, 0x0000021812628a48]
Event: 3.676 Thread 0x0000021822307610 2064       3       java.util.Comparator$$Lambda/0x00000218240e3800::compare (10 bytes)
Event: 3.676 Thread 0x0000021868582f30 2065       3       java.util.Comparator::lambda$comparingLong$6043328a$1 (18 bytes)
Event: 3.676 Thread 0x0000021868584d70 nmethod 2063 0x0000021812628b88 code [0x0000021812628c80, 0x0000021812628d48]
Event: 3.676 Thread 0x0000021868582f30 nmethod 2065 0x000002180acfe808 code [0x000002180acfe960, 0x000002180acfed40]
Event: 3.676 Thread 0x0000021822307610 nmethod 2064 0x000002180acfed88 code [0x000002180acfeee0, 0x000002180acff358]
Event: 3.677 Thread 0x00000218222f92f0 2045       4       java.lang.StringLatin1::indexOf (121 bytes)
Event: 3.677 Thread 0x0000021868585500 nmethod 2040 0x0000021812628e88 code [0x0000021812628fa0, 0x0000021812629238]
Event: 3.677 Thread 0x0000021868582010 nmethod 2034 0x0000021812629288 code [0x00000218126293c0, 0x0000021812629950]
Event: 3.682 Thread 0x00000218222f92f0 nmethod 2045 0x0000021812629988 code [0x0000021812629aa0, 0x000002181262a070]
Event: 3.684 Thread 0x00000218685827a0 nmethod 2013 0x000002181262a088 code [0x000002181262a340, 0x000002181262b718]

GC Heap History (0 events):
No events

Dll operation events (12 events):
Event: 0.008 Loaded shared library C:\Program Files\Java\jdk-24\bin\java.dll
Event: 0.030 Loaded shared library C:\Program Files\Java\jdk-24\bin\jsvml.dll
Event: 0.056 Loaded shared library C:\Program Files\Java\jdk-24\bin\zip.dll
Event: 0.058 Loaded shared library C:\Program Files\Java\jdk-24\bin\instrument.dll
Event: 0.062 Loaded shared library C:\Program Files\Java\jdk-24\bin\net.dll
Event: 0.063 Loaded shared library C:\Program Files\Java\jdk-24\bin\nio.dll
Event: 0.066 Loaded shared library C:\Program Files\Java\jdk-24\bin\zip.dll
Event: 0.081 Loaded shared library C:\Program Files\Java\jdk-24\bin\extnet.dll
Event: 0.088 Loaded shared library C:\Program Files\Java\jdk-24\bin\jimage.dll
Event: 0.162 Loaded shared library C:\Program Files\Java\jdk-24\bin\management.dll
Event: 0.166 Loaded shared library C:\Program Files\Java\jdk-24\bin\management_ext.dll
Event: 3.540 Loaded shared library C:\Users\ankit\AppData\Local\Temp\idea_libasyncProfiler_dll_temp_folder\libasyncProfiler.dll

Deoptimization events (20 events):
Event: 3.628 Thread 0x00000218222f2aa0 Uncommon trap: trap_request=0xffffffde fr.pc=0x000002181260d910 relative=0x0000000000000070
Event: 3.628 Thread 0x00000218222f2aa0 Uncommon trap: reason=class_check action=maybe_recompile pc=0x000002181260d910 method=jdk.jfr.FlightRecorderPermission$InternalAccess.getType(Ljava/lang/Object;)Ljdk/jfr/internal/Type; @ 18 c2
Event: 3.628 Thread 0x00000218222f2aa0 DEOPT PACKING pc=0x000002181260d910 sp=0x0000009a896fe850
Event: 3.628 Thread 0x00000218222f2aa0 DEOPT UNPACKING pc=0x0000021811f66382 sp=0x0000009a896fe7e8 mode 2
Event: 3.629 Thread 0x00000218222f2aa0 Uncommon trap: trap_request=0xffffffde fr.pc=0x000002181260d910 relative=0x0000000000000070
Event: 3.629 Thread 0x00000218222f2aa0 Uncommon trap: reason=class_check action=maybe_recompile pc=0x000002181260d910 method=jdk.jfr.FlightRecorderPermission$InternalAccess.getType(Ljava/lang/Object;)Ljdk/jfr/internal/Type; @ 18 c2
Event: 3.629 Thread 0x00000218222f2aa0 DEOPT PACKING pc=0x000002181260d910 sp=0x0000009a896fe850
Event: 3.629 Thread 0x00000218222f2aa0 DEOPT UNPACKING pc=0x0000021811f66382 sp=0x0000009a896fe7e8 mode 2
Event: 3.632 Thread 0x00000218222f2aa0 Uncommon trap: trap_request=0xffffffcc fr.pc=0x0000021812614d7c relative=0x00000000000003bc
Event: 3.632 Thread 0x00000218222f2aa0 Uncommon trap: reason=intrinsic_or_type_checked_inlining action=make_not_entrant pc=0x0000021812614d7c method=java.util.Arrays.copyOf([Ljava/lang/Object;ILjava/lang/Class;)[Ljava/lang/Object; @ 35 c2
Event: 3.632 Thread 0x00000218222f2aa0 DEOPT PACKING pc=0x0000021812614d7c sp=0x0000009a896fe6d0
Event: 3.632 Thread 0x00000218222f2aa0 DEOPT UNPACKING pc=0x0000021811f66382 sp=0x0000009a896fe660 mode 2
Event: 3.665 Thread 0x00000218222f2aa0 Uncommon trap: trap_request=0xffffff4d fr.pc=0x000002181262032c relative=0x000000000000020c
Event: 3.665 Thread 0x00000218222f2aa0 Uncommon trap: reason=unstable_if action=reinterpret pc=0x000002181262032c method=java.io.ByteArrayOutputStream.ensureCapacity(I)V @ 11 c2
Event: 3.665 Thread 0x00000218222f2aa0 DEOPT PACKING pc=0x000002181262032c sp=0x0000009a896fe9e0
Event: 3.665 Thread 0x00000218222f2aa0 DEOPT UNPACKING pc=0x0000021811f66382 sp=0x0000009a896fe918 mode 2
Event: 3.667 Thread 0x00000218222f2aa0 Uncommon trap: trap_request=0xffffff4d fr.pc=0x00000218126208f0 relative=0x00000000000003d0
Event: 3.667 Thread 0x00000218222f2aa0 Uncommon trap: reason=unstable_if action=reinterpret pc=0x00000218126208f0 method=java.io.ByteArrayOutputStream.ensureCapacity(I)V @ 11 c2
Event: 3.667 Thread 0x00000218222f2aa0 DEOPT PACKING pc=0x00000218126208f0 sp=0x0000009a896fe940
Event: 3.667 Thread 0x00000218222f2aa0 DEOPT UNPACKING pc=0x0000021811f66382 sp=0x0000009a896fe820 mode 2

Classes loaded (20 events):
Event: 3.657 Loading class jdk/jfr/internal/MetadataWriter
Event: 3.657 Loading class jdk/jfr/internal/MetadataWriter done
Event: 3.657 Loading class jdk/jfr/internal/MetadataDescriptor$Element
Event: 3.658 Loading class jdk/jfr/internal/MetadataDescriptor$Element done
Event: 3.658 Loading class jdk/jfr/internal/MetadataDescriptor$Attribute
Event: 3.658 Loading class jdk/jfr/internal/MetadataDescriptor$Attribute done
Event: 3.662 Loading class jdk/jfr/internal/consumer/StringParser$Encoding
Event: 3.663 Loading class jdk/jfr/internal/consumer/StringParser$Encoding done
Event: 3.669 Loading class jdk/jfr/internal/consumer/RepositoryFiles
Event: 3.669 Loading class jdk/jfr/internal/consumer/RepositoryFiles done
Event: 3.671 Loading class jdk/jfr/internal/SettingsManager$InternalSetting
Event: 3.671 Loading class jdk/jfr/internal/SettingsManager$InternalSetting done
Event: 3.672 Loading class jdk/jfr/internal/util/Rate
Event: 3.672 Loading class jdk/jfr/internal/util/Rate done
Event: 3.672 Loading class jdk/jfr/internal/util/TimespanUnit
Event: 3.672 Loading class jdk/jfr/internal/util/TimespanUnit done
Event: 3.673 Loading class jdk/jfr/internal/util/ValueParser
Event: 3.673 Loading class jdk/jfr/internal/util/ValueParser done
Event: 3.674 Loading class jdk/jfr/internal/periodic/PeriodicType
Event: 3.674 Loading class jdk/jfr/internal/periodic/PeriodicType done

Classes unloaded (0 events):
No events

Classes redefined (0 events):
No events

Internal exceptions (20 events):
Event: 0.383 Thread 0x0000021822abfbd0 Exception <a 'java/lang/NoSuchMethodError'{0x000000071351a158}: 'java.lang.Object java.lang.invoke.DirectMethodHandle$Holder.invokeStatic(java.lang.Object, java.lang.Object, java.lang.Object, java.lang.Object, java.lang.Object, java.lang.Object, java.lang.Object, java.lang.Object, java.lang.Object)'> (0x000000071351a158) 
thrown [s\open\src\hotspot\share\interpreter\linkResolver.cpp, line 805]
Event: 0.384 Thread 0x0000021822abfbd0 Exception <a 'java/lang/NoSuchMethodError'{0x000000071352d608}: 'java.lang.Object java.lang.invoke.Invokers$Holder.invokeExact_MT(java.lang.Object, java.lang.Object, java.lang.Object, java.lang.Object, java.lang.Object, java.lang.Object)'> (0x000000071352d608) 
thrown [s\open\src\hotspot\share\interpreter\linkResolver.cpp, line 805]
Event: 0.386 Thread 0x0000021822abfbd0 Exception <a 'java/lang/NoSuchMethodError'{0x0000000713539348}: 'java.lang.Object java.lang.invoke.DirectMethodHandle$Holder.invokeInterface(java.lang.Object, java.lang.Object, java.lang.Object, java.lang.Object, java.lang.Object)'> (0x0000000713539348) 
thrown [s\open\src\hotspot\share\interpreter\linkResolver.cpp, line 805]
Event: 0.389 Thread 0x0000021822abfbd0 Exception <a 'java/lang/NoSuchMethodError'{0x0000000713583cc8}: 'double java.lang.invoke.DirectMethodHandle$Holder.invokeInterface(java.lang.Object, java.lang.Object)'> (0x0000000713583cc8) 
thrown [s\open\src\hotspot\share\interpreter\linkResolver.cpp, line 805]
Event: 0.390 Thread 0x0000021822abfbd0 Exception <a 'java/lang/NoSuchMethodError'{0x0000000713594938}: 'double java.lang.invoke.DelegatingMethodHandle$Holder.reinvoke_L(java.lang.Object, java.lang.Object)'> (0x0000000713594938) 
thrown [s\open\src\hotspot\share\interpreter\linkResolver.cpp, line 805]
Event: 0.903 Thread 0x0000021822abfbd0 Exception <a 'java/lang/NoSuchMethodError'{0x00000007135bc568}: 'long java.lang.invoke.DirectMethodHandle$Holder.invokeVirtual(java.lang.Object, java.lang.Object)'> (0x00000007135bc568) 
thrown [s\open\src\hotspot\share\interpreter\linkResolver.cpp, line 805]
Event: 0.903 Thread 0x0000021822abfbd0 Exception <a 'java/lang/NoSuchMethodError'{0x00000007135c4858}: 'java.lang.Object java.lang.invoke.DirectMethodHandle$Holder.invokeStatic(java.lang.Object, long)'> (0x00000007135c4858) 
thrown [s\open\src\hotspot\share\interpreter\linkResolver.cpp, line 805]
Event: 0.904 Thread 0x0000021822abfbd0 Exception <a 'java/lang/NoSuchMethodError'{0x00000007135d4900}: 'long java.lang.invoke.DelegatingMethodHandle$Holder.reinvoke_L(java.lang.Object, java.lang.Object)'> (0x00000007135d4900) 
thrown [s\open\src\hotspot\share\interpreter\linkResolver.cpp, line 805]
Event: 3.559 Thread 0x00000218222f2aa0 Implicit null exception at 0x00000218125b20d6 to 0x00000218125b2176
Event: 3.560 Thread 0x00000218222f2aa0 Implicit null exception at 0x00000218125f369d to 0x00000218125f3719
Event: 3.566 Thread 0x00000218222f2aa0 Exception <a 'java/lang/NoSuchMethodError'{0x00000007133491b8}: 'void java.lang.invoke.DirectMethodHandle$Holder.invokeStaticInit(java.lang.Object)'> (0x00000007133491b8) 
thrown [s\open\src\hotspot\share\interpreter\linkResolver.cpp, line 805]
Event: 3.570 Thread 0x00000218222f2aa0 Exception <a 'java/lang/NoSuchMethodError'{0x00000007133a77a0}: 'java.lang.Object java.lang.invoke.DirectMethodHandle$Holder.newInvokeSpecial(java.lang.Object, java.lang.Object, java.lang.Object, java.lang.Object, java.lang.Object)'> (0x00000007133a77a0) 
thrown [s\open\src\hotspot\share\interpreter\linkResolver.cpp, line 805]
Event: 3.595 Thread 0x00000218222f2aa0 Exception <a 'java/lang/NoSuchMethodError'{0x0000000712f3c978}: 'int java.lang.invoke.DirectMethodHandle$Holder.invokeStatic(java.lang.Object, java.lang.Object, java.lang.Object, java.lang.Object)'> (0x0000000712f3c978) 
thrown [s\open\src\hotspot\share\interpreter\linkResolver.cpp, line 805]
Event: 3.648 Thread 0x00000218222f2aa0 Exception <a 'java/lang/NoSuchMethodError'{0x0000000712b3fb50}: 'void java.lang.invoke.DirectMethodHandle$Holder.invokeSpecial(java.lang.Object, java.lang.Object, int)'> (0x0000000712b3fb50) 
thrown [s\open\src\hotspot\share\interpreter\linkResolver.cpp, line 805]
Event: 3.648 Thread 0x00000218222f2aa0 Exception <a 'java/lang/NoSuchMethodError'{0x0000000712b47770}: 'void java.lang.invoke.Invokers$Holder.invokeExact_MT(java.lang.Object, int, java.lang.Object)'> (0x0000000712b47770) 
thrown [s\open\src\hotspot\share\interpreter\linkResolver.cpp, line 805]
Event: 3.650 Thread 0x00000218222f2aa0 Exception <a 'java/lang/NoSuchMethodError'{0x0000000712b61f50}: 'void java.lang.invoke.DirectMethodHandle$Holder.invokeStatic(java.lang.Object, java.lang.Object, int)'> (0x0000000712b61f50) 
thrown [s\open\src\hotspot\share\interpreter\linkResolver.cpp, line 805]
Event: 3.650 Thread 0x00000218222f2aa0 Exception <a 'java/lang/NoSuchMethodError'{0x0000000712b70e58}: 'java.lang.Object java.lang.invoke.DirectMethodHandle$Holder.newInvokeSpecial(java.lang.Object, java.lang.Object, int)'> (0x0000000712b70e58) 
thrown [s\open\src\hotspot\share\interpreter\linkResolver.cpp, line 805]
Event: 3.653 Thread 0x00000218222f2aa0 Exception <a 'sun/nio/fs/WindowsException'{0x0000000712ba5138}> (0x0000000712ba5138) 
thrown [s\open\src\hotspot\share\prims\jni.cpp, line 518]
Event: 3.654 Thread 0x00000218222f2aa0 Exception <a 'sun/nio/fs/WindowsException'{0x0000000712bb1f10}> (0x0000000712bb1f10) 
thrown [s\open\src\hotspot\share\prims\jni.cpp, line 518]
Event: 3.656 Thread 0x00000218222f2aa0 Exception <a 'sun/nio/fs/WindowsException'{0x0000000712bc3cc8}> (0x0000000712bc3cc8) 
thrown [s\open\src\hotspot\share\prims\jni.cpp, line 518]

VM Operations (10 events):
Event: 0.303 Executing VM operation: HandshakeAllThreads (Deoptimize)
Event: 0.303 Executing VM operation: HandshakeAllThreads (Deoptimize) done
Event: 0.346 Executing VM operation: HandshakeAllThreads (Deoptimize)
Event: 0.346 Executing VM operation: HandshakeAllThreads (Deoptimize) done
Event: 0.369 Executing VM operation: HandshakeAllThreads (Deoptimize)
Event: 0.369 Executing VM operation: HandshakeAllThreads (Deoptimize) done
Event: 3.651 Executing VM operation: HandshakeAllThreads (Deoptimize)
Event: 3.651 Executing VM operation: HandshakeAllThreads (Deoptimize) done
Event: 3.669 Executing VM operation: JFRSafepointClear
Event: 3.669 Executing VM operation: JFRSafepointClear done

Memory protections (0 events):
No events

Nmethod flushes (0 events):
No events

Events (20 events):
Event: 0.267 Thread 0x00000218223c7810 Thread added: 0x0000021822d88180
Event: 0.349 Thread 0x00000218222f2aa0 Thread added: 0x0000021822ed34d0
Event: 0.357 Thread 0x0000021822ed34d0 Thread added: 0x0000021822abfbd0
Event: 0.365 Thread 0x0000021822abfbd0 Thread added: 0x0000021822e8b140
Event: 0.368 Thread 0x0000021822abfbd0 Thread added: 0x0000021822e8bc90
Event: 0.836 Thread 0x0000021822ed34d0 Thread added: 0x000002186860a530
Event: 0.838 Thread 0x0000021822d88180 Thread exited: 0x0000021822d88180
Event: 0.838 Thread 0x00000218224a1d10 Thread exited: 0x00000218224a1d10
Event: 0.895 Thread 0x00000218223c7810 Thread exited: 0x00000218223c7810
Event: 0.895 Thread 0x00000218223dbfe0 Thread exited: 0x00000218223dbfe0
Event: 0.899 Thread 0x00000218223c7080 Thread exited: 0x00000218223c7080
Event: 1.932 Thread 0x000002182245f4c0 Thread exited: 0x000002182245f4c0
Event: 3.550 Thread 0x0000021822307610 Thread added: 0x00000218685827a0
Event: 3.550 Thread 0x0000021822307610 Thread added: 0x0000021868582010
Event: 3.564 Thread 0x00000218222f2aa0 Thread added: 0x0000021868be9800
Event: 3.569 Thread 0x0000021822307610 Thread added: 0x0000021868582f30
Event: 3.569 Thread 0x0000021822307610 Thread added: 0x0000021868583e50
Event: 3.570 Thread 0x0000021822307610 Thread added: 0x0000021868584d70
Event: 3.601 Thread 0x0000021822307610 Thread added: 0x0000021868585500
Event: 3.650 Thread 0x00000218222f2aa0 Thread added: 0x000002186942bc50


Dynamic libraries:
0x00007ff604480000 - 0x00007ff604490000 	C:\Program Files\Java\jdk-24\bin\java.exe
0x00007fff10da0000 - 0x00007fff11009000 	C:\WINDOWS\SYSTEM32\ntdll.dll
0x00007fff0f390000 - 0x00007fff0f459000 	C:\WINDOWS\System32\KERNEL32.DLL
0x00007fff0df60000 - 0x00007fff0e353000 	C:\WINDOWS\System32\KERNELBASE.dll
0x00007fff0e830000 - 0x00007fff0e97b000 	C:\WINDOWS\System32\ucrtbase.dll
0x00007ffef56d0000 - 0x00007ffef56e6000 	C:\Program Files\Java\jdk-24\bin\jli.dll
0x00007ffef5630000 - 0x00007ffef564b000 	C:\Program Files\Java\jdk-24\bin\VCRUNTIME140.dll
0x00007fff0ec50000 - 0x00007fff0ee14000 	C:\WINDOWS\System32\USER32.dll
0x00007fff0df30000 - 0x00007fff0df57000 	C:\WINDOWS\System32\win32u.dll
0x00007ffee7c30000 - 0x00007ffee7ec3000 	C:\WINDOWS\WinSxS\amd64_microsoft.windows.common-controls_6595b64144ccf1df_6.0.26100.5074_none_3e0d6f78e32fd63f\COMCTL32.dll
0x00007fff0fe40000 - 0x00007fff0fee9000 	C:\WINDOWS\System32\msvcrt.dll
0x00007fff0f600000 - 0x00007fff0f62b000 	C:\WINDOWS\System32\GDI32.dll
0x00007fff0e980000 - 0x00007fff0eaad000 	C:\WINDOWS\System32\gdi32full.dll
0x00007fff0e6e0000 - 0x00007fff0e783000 	C:\WINDOWS\System32\msvcp_win.dll
0x00007fff0f220000 - 0x00007fff0f24f000 	C:\WINDOWS\System32\IMM32.DLL
0x00007ffefc6e0000 - 0x00007ffefc6ec000 	C:\Program Files\Java\jdk-24\bin\vcruntime140_1.dll
0x00007ffeb3ca0000 - 0x00007ffeb3d2e000 	C:\Program Files\Java\jdk-24\bin\msvcp140.dll
0x00007ffe595d0000 - 0x00007ffe5a372000 	C:\Program Files\Java\jdk-24\bin\server\jvm.dll
0x00007fff100a0000 - 0x00007fff10154000 	C:\WINDOWS\System32\ADVAPI32.dll
0x00007fff0f2e0000 - 0x00007fff0f386000 	C:\WINDOWS\System32\sechost.dll
0x00007fff10550000 - 0x00007fff10668000 	C:\WINDOWS\System32\RPCRT4.dll
0x00007fff0f460000 - 0x00007fff0f4d4000 	C:\WINDOWS\System32\WS2_32.dll
0x00007fff0a9d0000 - 0x00007fff0aa05000 	C:\WINDOWS\SYSTEM32\WINMM.dll
0x00007fff0cb50000 - 0x00007fff0cbae000 	C:\WINDOWS\SYSTEM32\POWRPROF.dll
0x00007fff04980000 - 0x00007fff0498b000 	C:\WINDOWS\SYSTEM32\VERSION.dll
0x00007fff0cb30000 - 0x00007fff0cb44000 	C:\WINDOWS\SYSTEM32\UMPDC.dll
0x00007fff0ce30000 - 0x00007fff0ce4b000 	C:\WINDOWS\SYSTEM32\kernel.appcore.dll
0x00007ffef7dc0000 - 0x00007ffef7dca000 	C:\Program Files\Java\jdk-24\bin\jimage.dll
0x00007fff0b5d0000 - 0x00007fff0b812000 	C:\WINDOWS\SYSTEM32\DBGHELP.DLL
0x00007fff0ee30000 - 0x00007fff0f1ab000 	C:\WINDOWS\System32\combase.dll
0x00007fff0eb70000 - 0x00007fff0ec47000 	C:\WINDOWS\System32\OLEAUT32.dll
0x00007ffecf690000 - 0x00007ffecf6cd000 	C:\WINDOWS\SYSTEM32\dbgcore.DLL
0x00007fff0e790000 - 0x00007fff0e829000 	C:\WINDOWS\System32\bcryptPrimitives.dll
0x00007ffef7d70000 - 0x00007ffef7d7f000 	C:\Program Files\Java\jdk-24\bin\instrument.dll
0x00007ffef5610000 - 0x00007ffef562e000 	C:\Program Files\Java\jdk-24\bin\java.dll
0x00007fff10260000 - 0x00007fff103f8000 	C:\WINDOWS\System32\ole32.dll
0x00007fff0f630000 - 0x00007fff0fd7d000 	C:\WINDOWS\System32\SHELL32.dll
0x00007fff0e360000 - 0x00007fff0e4cc000 	C:\WINDOWS\System32\wintypes.dll
0x00007fff0bb80000 - 0x00007fff0c3d9000 	C:\WINDOWS\SYSTEM32\windows.storage.dll
0x00007fff10160000 - 0x00007fff10250000 	C:\WINDOWS\System32\SHCORE.dll
0x00007fff0f270000 - 0x00007fff0f2d2000 	C:\WINDOWS\System32\shlwapi.dll
0x00007fff0de50000 - 0x00007fff0de79000 	C:\WINDOWS\SYSTEM32\profapi.dll
0x00007ffeb2970000 - 0x00007ffeb2a47000 	C:\Program Files\Java\jdk-24\bin\jsvml.dll
0x00007ffeedf50000 - 0x00007ffeedf67000 	C:\Program Files\Java\jdk-24\bin\zip.dll
0x00007ffef7180000 - 0x00007ffef7190000 	C:\Program Files\Java\jdk-24\bin\net.dll
0x00007fff0d3b0000 - 0x00007fff0d41b000 	C:\WINDOWS\system32\mswsock.dll
0x00007ffef3f90000 - 0x00007ffef3fa6000 	C:\Program Files\Java\jdk-24\bin\nio.dll
0x00007ffef5130000 - 0x00007ffef5139000 	C:\Program Files\Java\jdk-24\bin\extnet.dll
0x00007fff0c860000 - 0x00007fff0c986000 	C:\WINDOWS\SYSTEM32\DNSAPI.dll
0x00007fff0c820000 - 0x00007fff0c854000 	C:\WINDOWS\SYSTEM32\IPHLPAPI.DLL
0x00007fff0ee20000 - 0x00007fff0ee2a000 	C:\WINDOWS\System32\NSI.dll
0x0000000068b20000 - 0x0000000068b46000 	C:\Program Files\Bonjour\mdnsNSP.dll
0x00007fff071d0000 - 0x00007fff071db000 	C:\Windows\System32\rasadhlp.dll
0x00007fff07770000 - 0x00007fff077f6000 	C:\WINDOWS\System32\fwpuclnt.dll
0x00007ffef4e50000 - 0x00007ffef4e5a000 	C:\Program Files\Java\jdk-24\bin\management.dll
0x00007ffef4b60000 - 0x00007ffef4b6b000 	C:\Program Files\Java\jdk-24\bin\management_ext.dll
0x00007fff0f1b0000 - 0x00007fff0f1b8000 	C:\WINDOWS\System32\PSAPI.DLL
0x00007fff0d650000 - 0x00007fff0d66b000 	C:\WINDOWS\SYSTEM32\CRYPTSP.dll
0x00007fff0cd90000 - 0x00007fff0cdcb000 	C:\WINDOWS\system32\rsaenh.dll
0x00007fff0d450000 - 0x00007fff0d47b000 	C:\WINDOWS\SYSTEM32\USERENV.dll
0x00007fff0de20000 - 0x00007fff0de46000 	C:\WINDOWS\SYSTEM32\bcrypt.dll
0x00007fff0d670000 - 0x00007fff0d67c000 	C:\WINDOWS\SYSTEM32\CRYPTBASE.dll
0x00007ffedb320000 - 0x00007ffedb338000 	C:\WINDOWS\system32\napinsp.dll
0x00007ffedb250000 - 0x00007ffedb262000 	C:\WINDOWS\System32\winrnr.dll
0x00007ffedb220000 - 0x00007ffedb248000 	C:\WINDOWS\system32\nlansp_c.dll
0x00007fff05ca0000 - 0x00007fff05cb6000 	C:\WINDOWS\system32\wshbth.dll
0x00007ffec8940000 - 0x00007ffec8996000 	C:\WINDOWS\SYSTEM32\pdh.dll
0x00007ffef7470000 - 0x00007ffef7482000 	C:\WINDOWS\System32\perfproc.dll
0x00007ffed19b0000 - 0x00007ffed19c1000 	C:\WINDOWS\System32\perfos.dll
0x00007fff0c400000 - 0x00007fff0c412000 	C:\WINDOWS\SYSTEM32\pfclient.dll
0x00007ffe7e820000 - 0x00007ffe7ea18000 	C:\Users\ankit\AppData\Local\Temp\idea_libasyncProfiler_dll_temp_folder\libasyncProfiler.dll

JVMTI agents:
C:\Users\ankit\AppData\Local\Programs\IntelliJ IDEA Ultimate\lib\idea_rt.jar path:C:\Program Files\Java\jdk-24\bin\instrument.dll, loaded, initialized, instrumentlib options:52534

dbghelp: loaded successfully - version: 4.0.5 - missing functions: none
symbol engine: initialized successfully - sym options: 0x614 - pdb path: .;C:\Program Files\Java\jdk-24\bin;C:\WINDOWS\SYSTEM32;C:\WINDOWS\WinSxS\amd64_microsoft.windows.common-controls_6595b64144ccf1df_6.0.26100.5074_none_3e0d6f78e32fd63f;C:\Program Files\Java\jdk-24\bin\server;C:\Program Files\Bonjour;C:\Users\ankit\AppData\Local\Temp\idea_libasyncProfiler_dll_temp_folder

VM Arguments:
jvm_args: -javaagent:C:\Users\ankit\AppData\Local\Programs\IntelliJ IDEA Ultimate\lib\idea_rt.jar=52534 -Dfile.encoding=UTF-8 -Dsun.stdout.encoding=UTF-8 -Dsun.stderr.encoding=UTF-8 
java_command: CCRM
java_class_path (initial): C:\Users\ankit\IdeaProjects\CCRM\out\production\CCRM
Launcher Type: SUN_STANDARD

[Global flags]
     intx CICompilerCount                          = 12                                        {product} {ergonomic}
     uint ConcGCThreads                            = 3                                         {product} {ergonomic}
     bool FlightRecorder                           = true                                      {product} {management}
     uint G1ConcRefinementThreads                  = 13                                        {product} {ergonomic}
   size_t G1HeapRegionSize                         = 2097152                                   {product} {ergonomic}
   size_t InitialHeapSize                          = 264241152                                 {product} {ergonomic}
   size_t MarkStackSize                            = 4194304                                   {product} {ergonomic}
   size_t MarkStackSizeMax                         = 536870912                                 {product} {ergonomic}
   size_t MaxHeapSize                              = 4213178368                                {product} {ergonomic}
   size_t MaxNewSize                               = 2527068160                                {product} {ergonomic}
   size_t MinHeapDeltaBytes                        = 2097152                                   {product} {ergonomic}
   size_t MinHeapSize                              = 8388608                                   {product} {ergonomic}
    uintx NonNMethodCodeHeapSize                   = 7602176                                {pd product} {ergonomic}
    uintx NonProfiledCodeHeapSize                  = 122093568                              {pd product} {ergonomic}
    uintx ProfiledCodeHeapSize                     = 121962496                              {pd product} {ergonomic}
    uintx ReservedCodeCacheSize                    = 251658240                              {pd product} {ergonomic}
     bool SegmentedCodeCache                       = true                                      {product} {ergonomic}
   size_t SoftMaxHeapSize                          = 4213178368                             {manageable} {ergonomic}
     bool UseCompressedOops                        = true                           {product lp64_product} {ergonomic}
     bool UseG1GC                                  = true                                      {product} {ergonomic}
     bool UseLargePagesIndividualAllocation        = false                                  {pd product} {ergonomic}

Logging:
Log output configuration:
 #0: stdout all=warning uptime,level,tags foldmultilines=false
 #1: stderr all=off uptime,level,tags foldmultilines=false

Environment Variables:
JAVA_HOME=C:\Program Files\Java\jdk-24
PATH=C:\Program Files\Common Files\Oracle\Java\javapath;C:\Program Files (x86)\Common Files\Oracle\Java\java8path;C:\Program Files (x86)\Common Files\Oracle\Java\javapath;C:\WINDOWS\system32;C:\WINDOWS;C:\WINDOWS\System32\Wbem;C:\WINDOWS\System32\WindowsPowerShell\v1.0\;C:\WINDOWS\System32\OpenSSH\;C:\Program Files\dotnet\;C:\Program Files (x86)\NVIDIA Corporation\PhysX\Common;C:\Orca;C:\MinGW\bin;C:\Program Files\nodejs\;C:\ProgramData\chocolatey\bin;C:\Program Files\Git\cmd;C:\Program Files\NVIDIA Corporation\NVIDIA App\NvDLISR;C:\Users\ankit\AppData\Local\Programs\Python\Launcher\;C:\Users\ankit\AppData\Local\Microsoft\WindowsApps;C:\Users\ankit\AppData\Local\Programs\Microsoft VS Code\bin;C:\Users\ankit\AppData\Local\JetBrains\Toolbox\scripts;C:\Users\ankit\AppData\Roaming\npm;C:\Users\ankit\.dotnet\tools
USERNAME=ankit
OS=Windows_NT
PROCESSOR_IDENTIFIER=Intel64 Family 6 Model 183 Stepping 1, GenuineIntel
TMP=C:\Users\ankit\AppData\Local\Temp
TEMP=C:\Users\ankit\AppData\Local\Temp




Periodic native trim disabled

---------------  S Y S T E M  ---------------

OS:
 Windows 11 , 64 bit Build 26100 (10.0.26100.5074)
OS uptime: 11 days 3:26 hours
Hyper-V role detected

CPU: total 16 (initial active 16) (8 cores per cpu, 2 threads per core) family 6 model 183 stepping 1 microcode 0x12c, cx8, cmov, fxsr, ht, mmx, 3dnowpref, sse, sse2, sse3, ssse3, sse4.1, sse4.2, popcnt, lzcnt, tsc, tscinvbit, avx, avx2, aes, erms, clmul, bmi1, bmi2, adx, sha, fma, vzeroupper, clflush, clflushopt, clwb, hv, serialize, rdtscp, rdpid, fsrm, gfni, f16c, cet_ibt, cet_ss
Processor Information for processor 0
  Max Mhz: 2400, Current Mhz: 2400, Mhz Limit: 2400
Processor Information for processor 1
  Max Mhz: 2400, Current Mhz: 2400, Mhz Limit: 2400
Processor Information for processor 2
  Max Mhz: 2400, Current Mhz: 2400, Mhz Limit: 2400
Processor Information for processor 3
  Max Mhz: 2400, Current Mhz: 2400, Mhz Limit: 2400
Processor Information for processor 4
  Max Mhz: 2400, Current Mhz: 2400, Mhz Limit: 2400
Processor Information for processor 5
  Max Mhz: 2400, Current Mhz: 2400, Mhz Limit: 2400
Processor Information for processor 6
  Max Mhz: 2400, Current Mhz: 2400, Mhz Limit: 2400
Processor Information for processor 7
  Max Mhz: 2400, Current Mhz: 2400, Mhz Limit: 2400
Processor Information for processor 8
  Max Mhz: 2400, Current Mhz: 2400, Mhz Limit: 2400
Processor Information for processor 9
  Max Mhz: 2400, Current Mhz: 2400, Mhz Limit: 2400
Processor Information for processor 10
  Max Mhz: 2400, Current Mhz: 2400, Mhz Limit: 2400
Processor Information for processor 11
  Max Mhz: 2400, Current Mhz: 2400, Mhz Limit: 2400
Processor Information for processor 12
  Max Mhz: 2400, Current Mhz: 2400, Mhz Limit: 2400
Processor Information for processor 13
  Max Mhz: 2400, Current Mhz: 2400, Mhz Limit: 2400
Processor Information for processor 14
  Max Mhz: 2400, Current Mhz: 1466, Mhz Limit: 2400
Processor Information for processor 15
  Max Mhz: 2400, Current Mhz: 1466, Mhz Limit: 2400

Memory: 4k page, system-wide physical 16068M (3057M free)
TotalPageFile size 31940M (AvailPageFile size 13647M)
current process WorkingSet (physical memory assigned to process): 105M, peak: 105M
current process commit charge ("private bytes"): 409M, peak: 411M

vm_info: Java HotSpot(TM) 64-Bit Server VM (24.0.1+9-30) for windows-amd64 JRE (24.0.1+9-30), built on 2025-03-05T07:23:45Z with MS VC++ 17.6 (VS2022)

END.
